<?xml version="1.0" encoding="UTF-8"?>
<!-- Generated by org.testng.reporters.JUnitReportReporter -->
<testsuite skipped="0" hostname="DESKTOP-SP1DG6S" name="project.Chrome_ToDoList" tests="1" failures="0" timestamp="2020-08-05T10:26:01 IST" time="51.216" errors="0">
  <testcase name="launchUrl" time="51.216" classname="project.Chrome_ToDoList"/>
</testsuite> <!-- project.Chrome_ToDoList -->
