<?xml version="1.0" encoding="UTF-8"?>
<!-- Generated by org.testng.reporters.JUnitReportReporter -->
<testsuite skipped="0" hostname="DESKTOP-SP1DG6S" name="Actiity_1.Activity_1_LaunchURL" tests="1" failures="0" timestamp="2020-08-04T10:32:54 IST" time="24.874" errors="0">
  <testcase name="launchUrl" time="24.874" classname="Actiity_1.Activity_1_LaunchURL"/>
</testsuite> <!-- Actiity_1.Activity_1_LaunchURL -->
