<?xml version="1.0" encoding="UTF-8"?>
<!-- Generated by org.testng.reporters.JUnitReportReporter -->
<testsuite skipped="0" hostname="DESKTOP-SP1DG6S" name="project.GoogleTasks" tests="1" failures="0" timestamp="2020-08-05T11:41:04 IST" time="36.683" errors="0">
  <testcase name="task" time="36.683" classname="project.GoogleTasks"/>
</testsuite> <!-- project.GoogleTasks -->
