<?xml version="1.0" encoding="UTF-8"?>
<!-- Generated by org.testng.reporters.JUnitReportReporter -->
<testsuite skipped="0" hostname="DESKTOP-SP1DG6S" name="project.Chrome_PopupForm" tests="2" failures="0" timestamp="2020-08-05T11:21:54 IST" time="86.942" errors="0">
  <testcase name="VerifyCredentials" time="45.046" classname="project.Chrome_PopupForm"/>
  <testcase name="VerifyCredentials" time="41.896" classname="project.Chrome_PopupForm"/>
</testsuite> <!-- project.Chrome_PopupForm -->
