<?xml version="1.0" encoding="UTF-8"?>
<!-- Generated by org.testng.reporters.JUnitReportReporter -->
<testsuite skipped="0" hostname="DESKTOP-SP1DG6S" name="Actiity_1.Activity3_ContactApp" tests="1" failures="0" timestamp="2020-08-03T22:10:25 IST" time="14.485" errors="0">
  <testcase name="AddContact" time="14.485" classname="Actiity_1.Activity3_ContactApp"/>
</testsuite> <!-- Actiity_1.Activity3_ContactApp -->
