<?xml version="1.0" encoding="UTF-8"?>
<!-- Generated by org.testng.reporters.JUnitReportReporter -->
<testsuite skipped="0" hostname="DESKTOP-SP1DG6S" name="project.GoogleKeepNoteRemainder" tests="1" failures="0" timestamp="2020-08-05T11:48:21 IST" time="27.269" errors="0">
  <testcase name="GoogleKeepNotes" time="27.269" classname="project.GoogleKeepNoteRemainder"/>
</testsuite> <!-- project.GoogleKeepNoteRemainder -->
