<?xml version="1.0" encoding="UTF-8"?>
<!-- Generated by org.testng.reporters.JUnitReportReporter -->
<testsuite skipped="0" hostname="DESKTOP-SP1DG6S" name="Actiity_1.Activity1_Calculator" tests="1" failures="0" timestamp="2020-07-28T23:05:02 IST" time="49.970" errors="0">
  <testcase name="calc" time="49.970" classname="Actiity_1.Activity1_Calculator"/>
</testsuite> <!-- Actiity_1.Activity1_Calculator -->
