<?xml version="1.0" encoding="UTF-8"?>
<!-- Generated by org.testng.reporters.JUnitReportReporter -->
<testsuite skipped="0" hostname="DESKTOP-SP1DG6S" name="project.Chrome_LoginForm" tests="2" failures="0" timestamp="2020-08-05T10:35:31 IST" time="80.291" errors="0">
  <testcase name="VerifyCredentials" time="40.474" classname="project.Chrome_LoginForm"/>
  <testcase name="VerifyCredentials" time="39.817" classname="project.Chrome_LoginForm"/>
</testsuite> <!-- project.Chrome_LoginForm -->
