<?xml version="1.0" encoding="UTF-8"?>
<!-- Generated by org.testng.reporters.JUnitReportReporter -->
<testsuite skipped="0" hostname="DESKTOP-SP1DG6S" name="project.GoogleKeepNote" tests="1" failures="0" timestamp="2020-08-05T11:45:00 IST" time="24.615" errors="0">
  <testcase name="GoogleKeepNotes" time="24.615" classname="project.GoogleKeepNote"/>
</testsuite> <!-- project.GoogleKeepNote -->
