<?xml version="1.0" encoding="UTF-8"?>
<!-- Generated by org.testng.reporters.JUnitReportReporter -->
<testsuite skipped="0" hostname="DESKTOP-SP1DG6S" name="Actiity_1.Activity_2_CalculateNO" tests="4" failures="0" timestamp="2020-08-03T20:50:33 IST" time="15.775" errors="0">
  <testcase name="add" time="3.474" classname="Actiity_1.Activity_2_CalculateNO"/>
  <testcase name="sub" time="4.665" classname="Actiity_1.Activity_2_CalculateNO"/>
  <testcase name="Multiply" time="4.207" classname="Actiity_1.Activity_2_CalculateNO"/>
  <testcase name="Division" time="3.429" classname="Actiity_1.Activity_2_CalculateNO"/>
</testsuite> <!-- Actiity_1.Activity_2_CalculateNO -->
