<?xml version="1.0" encoding="UTF-8"?>
<!-- Generated by org.testng.reporters.JUnitReportReporter -->
<testsuite skipped="0" hostname="DESKTOP-SP1DG6S" name="classWork.TakingDeviceScreenshots" tests="1" failures="0" timestamp="2020-08-02T20:58:20 IST" time="0.759" errors="0">
  <testcase name="test" time="0.759" classname="classWork.TakingDeviceScreenshots"/>
</testsuite> <!-- classWork.TakingDeviceScreenshots -->
