<?xml version="1.0" encoding="UTF-8"?>
<!-- Generated by org.testng.reporters.JUnitReportReporter -->
<testsuite skipped="0" hostname="DESKTOP-SP1DG6S" name="classWork.ExamplewithLocators" tests="1" failures="0" timestamp="2020-08-02T20:52:52 IST" time="3.551" errors="0">
  <testcase name="test" time="3.551" classname="classWork.ExamplewithLocators"/>
</testsuite> <!-- classWork.ExamplewithLocators -->
